<?xml version="1.0" encoding="UTF-8"?>
<!-- Generated by org.testng.reporters.JUnitReportReporter -->
<testsuite hostname="LAPTOP-ISJ6KQ9V" failures="0" tests="1" name="Feature.RunnerTest" time="5.990" errors="0" timestamp="2024-12-19T02:16:22 CST" skipped="0">
  <testcase classname="Feature.RunnerTest" name="runScenario" time="5.990"/>
</testsuite> <!-- Feature.RunnerTest -->
